136 INFO: PyInstaller: 6.19.0, contrib hooks: 2026.1
136 INFO: Python: 3.14.3
157 INFO: Platform: Windows-11-10.0.26200-SP0
157 INFO: Python environment: C:\Python314
159 INFO: Removing temporary files and cleaning cache in C:\Users\tefa1\AppData\Local\pyinstaller
184 INFO: Module search paths (PYTHONPATH):
['C:\\Users\\tefa1\\AutoPTU',
 'C:\\Python314\\python314.zip',
 'C:\\Python314\\DLLs',
 'C:\\Python314\\Lib',
 'C:\\Python314',
 'C:\\Users\\tefa1\\AppData\\Roaming\\Python\\Python314\\site-packages',
 '__editable__.auto_ptu-0.1.0.finder.__path_hook__',
 'C:\\Python314\\Lib\\site-packages',
 'C:\\Users\\tefa1\\AutoPTU']
483 INFO: Appending 'datas' from .spec
884 INFO: checking Analysis
884 INFO: Building Analysis because Analysis-00.toc is non existent
884 INFO: Looking for Python shared library...
884 INFO: Using Python shared library: C:\Python314\python314.dll
884 INFO: Running Analysis Analysis-00.toc
884 INFO: Target bytecode optimization level: 0
884 INFO: Initializing module dependency graph...
885 INFO: Initializing module graph hook caches...
895 INFO: Analyzing modules for base_library.zip ...
1838 INFO: Processing standard module hook 'hook-heapq.py' from 'C:\\Users\\tefa1\\AppData\\Roaming\\Python\\Python314\\site-packages\\PyInstaller\\hooks'
2129 INFO: Processing standard module hook 'hook-encodings.py' from 'C:\\Users\\tefa1\\AppData\\Roaming\\Python\\Python314\\site-packages\\PyInstaller\\hooks'
4280 INFO: Processing standard module hook 'hook-difflib.py' from 'C:\\Users\\tefa1\\AppData\\Roaming\\Python\\Python314\\site-packages\\PyInstaller\\hooks'
4449 INFO: Processing standard module hook 'hook-pickle.py' from 'C:\\Users\\tefa1\\AppData\\Roaming\\Python\\Python314\\site-packages\\PyInstaller\\hooks'
6782 INFO: Caching module dependency graph...
6824 INFO: Analyzing C:\Users\tefa1\AutoPTU\auto_ptu_launcher.py
6918 INFO: Processing standard module hook 'hook-multiprocessing.util.py' from 'C:\\Users\\tefa1\\AppData\\Roaming\\Python\\Python314\\site-packages\\PyInstaller\\hooks'
7066 INFO: Processing standard module hook 'hook-xml.py' from 'C:\\Users\\tefa1\\AppData\\Roaming\\Python\\Python314\\site-packages\\PyInstaller\\hooks'
7587 INFO: Processing standard module hook 'hook-sysconfig.py' from 'C:\\Users\\tefa1\\AppData\\Roaming\\Python\\Python314\\site-packages\\PyInstaller\\hooks'
7594 INFO: Processing standard module hook 'hook-_ctypes.py' from 'C:\\Users\\tefa1\\AppData\\Roaming\\Python\\Python314\\site-packages\\PyInstaller\\hooks'
8057 INFO: Processing pre-safe-import-module hook 'hook-typing_extensions.py' from 'C:\\Users\\tefa1\\AppData\\Roaming\\Python\\Python314\\site-packages\\PyInstaller\\hooks\\pre_safe_import_module'
8061 INFO: SetuptoolsInfo: initializing cached setuptools info...
10303 INFO: Processing standard module hook 'hook-xml.dom.domreg.py' from 'C:\\Users\\tefa1\\AppData\\Roaming\\Python\\Python314\\site-packages\\PyInstaller\\hooks'
10871 INFO: Processing standard module hook 'hook-platform.py' from 'C:\\Users\\tefa1\\AppData\\Roaming\\Python\\Python314\\site-packages\\PyInstaller\\hooks'
11500 INFO: Processing standard module hook 'hook-Crypto.py' from 'C:\\Users\\tefa1\\AppData\\Roaming\\Python\\Python314\\site-packages\\_pyinstaller_hooks_contrib\\stdhooks'
13494 INFO: Processing standard module hook 'hook-pandas.py' from 'C:\\Users\\tefa1\\AppData\\Roaming\\Python\\Python314\\site-packages\\PyInstaller\\hooks'
14573 INFO: Processing standard module hook 'hook-numpy.py' from 'C:\\Users\\tefa1\\AppData\\Roaming\\Python\\Python314\\site-packages\\PyInstaller\\hooks'
18148 INFO: Processing standard module hook 'hook-charset_normalizer.py' from 'C:\\Users\\tefa1\\AppData\\Roaming\\Python\\Python314\\site-packages\\_pyinstaller_hooks_contrib\\stdhooks'
18867 INFO: Processing standard module hook 'hook-zoneinfo.py' from 'C:\\Users\\tefa1\\AppData\\Roaming\\Python\\Python314\\site-packages\\_pyinstaller_hooks_contrib\\stdhooks'
21109 INFO: Processing standard module hook 'hook-pandas.io.formats.style.py' from 'C:\\Users\\tefa1\\AppData\\Roaming\\Python\\Python314\\site-packages\\PyInstaller\\hooks'
24586 INFO: Processing standard module hook 'hook-pandas.plotting.py' from 'C:\\Users\\tefa1\\AppData\\Roaming\\Python\\Python314\\site-packages\\PyInstaller\\hooks'
25418 INFO: Processing standard module hook 'hook-dateutil.py' from 'C:\\Users\\tefa1\\AppData\\Roaming\\Python\\Python314\\site-packages\\_pyinstaller_hooks_contrib\\stdhooks'
25629 INFO: Processing pre-safe-import-module hook 'hook-six.moves.py' from 'C:\\Users\\tefa1\\AppData\\Roaming\\Python\\Python314\\site-packages\\PyInstaller\\hooks\\pre_safe_import_module'
27868 INFO: Processing standard module hook 'hook-sqlite3.py' from 'C:\\Users\\tefa1\\AppData\\Roaming\\Python\\Python314\\site-packages\\PyInstaller\\hooks'
28132 INFO: Processing standard module hook 'hook-pandas.io.clipboard.py' from 'C:\\Users\\tefa1\\AppData\\Roaming\\Python\\Python314\\site-packages\\PyInstaller\\hooks'
28413 INFO: Processing standard module hook 'hook-xml.etree.cElementTree.py' from 'C:\\Users\\tefa1\\AppData\\Roaming\\Python\\Python314\\site-packages\\PyInstaller\\hooks'
28747 INFO: Processing standard module hook 'hook-pytest.py' from 'C:\\Users\\tefa1\\AppData\\Roaming\\Python\\Python314\\site-packages\\_pyinstaller_hooks_contrib\\stdhooks'
28987 INFO: Processing standard module hook 'hook-pygments.py' from 'C:\\Users\\tefa1\\AppData\\Roaming\\Python\\Python314\\site-packages\\PyInstaller\\hooks'
30049 INFO: Processing standard module hook 'hook-py.py' from 'C:\\Users\\tefa1\\AppData\\Roaming\\Python\\Python314\\site-packages\\_pyinstaller_hooks_contrib\\stdhooks'
30249 INFO: Processing pre-safe-import-module hook 'hook-packaging.py' from 'C:\\Users\\tefa1\\AppData\\Roaming\\Python\\Python314\\site-packages\\PyInstaller\\hooks\\pre_safe_import_module'
30563 INFO: Processing pre-safe-import-module hook 'hook-tomli.py' from 'C:\\Users\\tefa1\\AppData\\Roaming\\Python\\Python314\\site-packages\\PyInstaller\\hooks\\pre_safe_import_module'
30564 INFO: Setuptools: 'tomli' appears to be a setuptools-vendored copy - creating alias to 'setuptools._vendor.tomli'!
30573 INFO: Processing standard module hook 'hook-setuptools.py' from 'C:\\Users\\tefa1\\AppData\\Roaming\\Python\\Python314\\site-packages\\PyInstaller\\hooks'
30591 INFO: Processing pre-safe-import-module hook 'hook-distutils.py' from 'C:\\Users\\tefa1\\AppData\\Roaming\\Python\\Python314\\site-packages\\PyInstaller\\hooks\\pre_safe_import_module'
30656 INFO: Processing pre-safe-import-module hook 'hook-jaraco.py' from 'C:\\Users\\tefa1\\AppData\\Roaming\\Python\\Python314\\site-packages\\PyInstaller\\hooks\\pre_safe_import_module'
30657 INFO: Setuptools: 'jaraco' appears to be a full setuptools-vendored copy - creating alias to 'setuptools._vendor.jaraco'!
30670 INFO: Processing pre-safe-import-module hook 'hook-more_itertools.py' from 'C:\\Users\\tefa1\\AppData\\Roaming\\Python\\Python314\\site-packages\\PyInstaller\\hooks\\pre_safe_import_module'
30671 INFO: Setuptools: 'more_itertools' appears to be a setuptools-vendored copy - creating alias to 'setuptools._vendor.more_itertools'!
31223 INFO: Processing standard module hook 'hook-setuptools._vendor.jaraco.text.py' from 'C:\\Users\\tefa1\\AppData\\Roaming\\Python\\Python314\\site-packages\\PyInstaller\\hooks'
31225 INFO: Processing pre-safe-import-module hook 'hook-importlib_resources.py' from 'C:\\Users\\tefa1\\AppData\\Roaming\\Python\\Python314\\site-packages\\PyInstaller\\hooks\\pre_safe_import_module'
31232 INFO: Processing pre-safe-import-module hook 'hook-backports.py' from 'C:\\Users\\tefa1\\AppData\\Roaming\\Python\\Python314\\site-packages\\PyInstaller\\hooks\\pre_safe_import_module'
31233 INFO: Setuptools: 'backports' appears to be a full setuptools-vendored copy - creating alias to 'setuptools._vendor.backports'!
31491 INFO: Processing pre-safe-import-module hook 'hook-importlib_metadata.py' from 'C:\\Users\\tefa1\\AppData\\Roaming\\Python\\Python314\\site-packages\\PyInstaller\\hooks\\pre_safe_import_module'
31492 INFO: Setuptools: 'importlib_metadata' appears to be a setuptools-vendored copy - creating alias to 'setuptools._vendor.importlib_metadata'!
31532 INFO: Processing standard module hook 'hook-setuptools._vendor.importlib_metadata.py' from 'C:\\Users\\tefa1\\AppData\\Roaming\\Python\\Python314\\site-packages\\PyInstaller\\hooks'
31562 INFO: Processing pre-safe-import-module hook 'hook-zipp.py' from 'C:\\Users\\tefa1\\AppData\\Roaming\\Python\\Python314\\site-packages\\PyInstaller\\hooks\\pre_safe_import_module'
31563 INFO: Setuptools: 'zipp' appears to be a setuptools-vendored copy - creating alias to 'setuptools._vendor.zipp'!
32607 INFO: Processing pre-safe-import-module hook 'hook-wheel.py' from 'C:\\Users\\tefa1\\AppData\\Roaming\\Python\\Python314\\site-packages\\PyInstaller\\hooks\\pre_safe_import_module'
32607 INFO: Setuptools: 'wheel' appears to be a setuptools-vendored copy - creating alias to 'setuptools._vendor.wheel'!
C:\Users\tefa1\AutoPTU\trueskill\__init__.py:315: SyntaxWarning: "\ " is an invalid escape sequence. Such sequences will not work in the future. Did you mean "\\ "? A raw string is also an option.
  | \ / |
41959 INFO: Analyzing hidden import 'rich._unicode_data.unicode4-1-0'
41969 INFO: Analyzing hidden import 'rich._unicode_data.unicode5-0-0'
41979 INFO: Analyzing hidden import 'rich._unicode_data.unicode5-1-0'
41989 INFO: Analyzing hidden import 'rich._unicode_data.unicode5-2-0'
41999 INFO: Analyzing hidden import 'rich._unicode_data.unicode6-0-0'
42011 INFO: Analyzing hidden import 'rich._unicode_data.unicode6-1-0'
42022 INFO: Analyzing hidden import 'rich._unicode_data.unicode6-2-0'
42033 INFO: Analyzing hidden import 'rich._unicode_data.unicode6-3-0'
42045 INFO: Analyzing hidden import 'rich._unicode_data.unicode7-0-0'
42058 INFO: Analyzing hidden import 'rich._unicode_data.unicode8-0-0'
42070 INFO: Analyzing hidden import 'rich._unicode_data.unicode9-0-0'
42086 INFO: Analyzing hidden import 'rich._unicode_data.unicode10-0-0'
42101 INFO: Analyzing hidden import 'rich._unicode_data.unicode11-0-0'
42117 INFO: Analyzing hidden import 'rich._unicode_data.unicode12-0-0'
42133 INFO: Analyzing hidden import 'rich._unicode_data.unicode12-1-0'
42149 INFO: Analyzing hidden import 'rich._unicode_data.unicode13-0-0'
42165 INFO: Analyzing hidden import 'rich._unicode_data.unicode14-0-0'
42182 INFO: Analyzing hidden import 'rich._unicode_data.unicode15-0-0'
42200 INFO: Analyzing hidden import 'rich._unicode_data.unicode15-1-0'
42219 INFO: Analyzing hidden import 'rich._unicode_data.unicode16-0-0'
42236 INFO: Analyzing hidden import 'rich._unicode_data.unicode17-0-0'
42255 INFO: Processing module hooks (post-graph stage)...
42264 WARNING: Hidden import "charset_normalizer.md__mypyc" not found!
42408 INFO: Processing standard module hook 'hook-jinja2.py' from 'C:\\Users\\tefa1\\AppData\\Roaming\\Python\\Python314\\site-packages\\_pyinstaller_hooks_contrib\\stdhooks'
46799 INFO: Processing standard module hook 'hook-tzdata.py' from 'C:\\Users\\tefa1\\AppData\\Roaming\\Python\\Python314\\site-packages\\_pyinstaller_hooks_contrib\\stdhooks'
47284 INFO: Performing binary vs. data reclassification (27666 entries)
51347 INFO: Looking for ctypes DLLs
51448 INFO: Analyzing run-time hooks ...
51448 INFO: Including custom run-time hook 'scripts\\pyinstaller_rth_env.py'
51461 INFO: Including run-time hook 'pyi_rth_inspect.py' from 'C:\\Users\\tefa1\\AppData\\Roaming\\Python\\Python314\\site-packages\\PyInstaller\\hooks\\rthooks'
51466 INFO: Including run-time hook 'pyi_rth_pkgutil.py' from 'C:\\Users\\tefa1\\AppData\\Roaming\\Python\\Python314\\site-packages\\PyInstaller\\hooks\\rthooks'
51468 INFO: Including run-time hook 'pyi_rth_setuptools.py' from 'C:\\Users\\tefa1\\AppData\\Roaming\\Python\\Python314\\site-packages\\PyInstaller\\hooks\\rthooks'
51470 INFO: Including run-time hook 'pyi_rth_multiprocessing.py' from 'C:\\Users\\tefa1\\AppData\\Roaming\\Python\\Python314\\site-packages\\PyInstaller\\hooks\\rthooks'
52217 INFO: Creating base_library.zip...
52238 INFO: Looking for dynamic libraries
53474 INFO: Extra DLL search directories (AddDllDirectory): ['C:\\Users\\tefa1\\AppData\\Roaming\\Python\\Python314\\site-packages\\pandas.libs', 'C:\\Users\\tefa1\\AppData\\Roaming\\Python\\Python314\\site-packages\\numpy.libs']
53474 INFO: Extra DLL search directories (PATH): []
54985 INFO: Warnings written to C:\Users\tefa1\AutoPTU\build\AutoPTU\warn-AutoPTU.txt
55174 INFO: Graph cross-reference written to C:\Users\tefa1\AutoPTU\build\AutoPTU\xref-AutoPTU.html
57059 INFO: checking PYZ
57059 INFO: Building PYZ because PYZ-00.toc is non existent
57059 INFO: Building PYZ (ZlibArchive) C:\Users\tefa1\AutoPTU\build\AutoPTU\PYZ-00.pyz
58396 INFO: Building PYZ (ZlibArchive) C:\Users\tefa1\AutoPTU\build\AutoPTU\PYZ-00.pyz completed successfully.
58444 INFO: checking PKG
58444 INFO: Building PKG because PKG-00.toc is non existent
58444 INFO: Building PKG (CArchive) AutoPTU.pkg
58480 INFO: Building PKG (CArchive) AutoPTU.pkg completed successfully.
58481 INFO: Bootloader C:\Users\tefa1\AppData\Roaming\Python\Python314\site-packages\PyInstaller\bootloader\Windows-64bit-intel\run.exe
58481 INFO: checking EXE
58481 INFO: Building EXE because EXE-00.toc is non existent
58482 INFO: Building EXE from EXE-00.toc
58482 INFO: Copying bootloader EXE to C:\Users\tefa1\AutoPTU\build\AutoPTU\AutoPTU.exe
58527 INFO: Copying icon to EXE
58570 INFO: Copying 0 resources to EXE
58570 INFO: Embedding manifest in EXE
58606 INFO: Appending PKG archive to EXE
58685 INFO: Fixing EXE headers
58996 INFO: Building EXE from EXE-00.toc completed successfully.
59197 INFO: checking COLLECT
59197 INFO: Building COLLECT because COLLECT-00.toc is non existent
ERROR: The output directory "C:\Users\tefa1\AutoPTU\dist\AutoPTU" is not empty. Please remove all its contents or use the -y option (remove output directory without confirmation).
