262 INFO: PyInstaller: 6.19.0, contrib hooks: 2026.1
263 INFO: Python: 3.14.3
292 INFO: Platform: Windows-11-10.0.26200-SP0
292 INFO: Python environment: C:\Python314
294 INFO: Removing temporary files and cleaning cache in C:\Users\tefa1\AppData\Local\pyinstaller
384 INFO: Module search paths (PYTHONPATH):
['C:\\Users\\tefa1\\AutoPTU',
 'C:\\Python314\\python314.zip',
 'C:\\Python314\\DLLs',
 'C:\\Python314\\Lib',
 'C:\\Python314',
 'C:\\Users\\tefa1\\AppData\\Roaming\\Python\\Python314\\site-packages',
 '__editable__.auto_ptu-0.1.0.finder.__path_hook__',
 'C:\\Python314\\Lib\\site-packages',
 'C:\\Users\\tefa1\\AutoPTU']
886 INFO: Appending 'datas' from .spec
1132 INFO: checking Analysis
1132 INFO: Building Analysis because Analysis-00.toc is non existent
1132 INFO: Looking for Python shared library...
1132 INFO: Using Python shared library: C:\Python314\python314.dll
1132 INFO: Running Analysis Analysis-00.toc
1132 INFO: Target bytecode optimization level: 0
1132 INFO: Initializing module dependency graph...
1133 INFO: Initializing module graph hook caches...
1154 INFO: Analyzing modules for base_library.zip ...
3092 INFO: Processing standard module hook 'hook-encodings.py' from 'C:\\Users\\tefa1\\AppData\\Roaming\\Python\\Python314\\site-packages\\PyInstaller\\hooks'
3594 INFO: Processing standard module hook 'hook-pickle.py' from 'C:\\Users\\tefa1\\AppData\\Roaming\\Python\\Python314\\site-packages\\PyInstaller\\hooks'
4322 INFO: Processing standard module hook 'hook-difflib.py' from 'C:\\Users\\tefa1\\AppData\\Roaming\\Python\\Python314\\site-packages\\PyInstaller\\hooks'
4341 INFO: Processing standard module hook 'hook-heapq.py' from 'C:\\Users\\tefa1\\AppData\\Roaming\\Python\\Python314\\site-packages\\PyInstaller\\hooks'
8505 INFO: Caching module dependency graph...
8543 INFO: Analyzing C:\Users\tefa1\AutoPTU\auto_ptu_launcher.py
8629 INFO: Processing standard module hook 'hook-multiprocessing.util.py' from 'C:\\Users\\tefa1\\AppData\\Roaming\\Python\\Python314\\site-packages\\PyInstaller\\hooks'
8755 INFO: Processing standard module hook 'hook-xml.py' from 'C:\\Users\\tefa1\\AppData\\Roaming\\Python\\Python314\\site-packages\\PyInstaller\\hooks'
9178 INFO: Processing standard module hook 'hook-sysconfig.py' from 'C:\\Users\\tefa1\\AppData\\Roaming\\Python\\Python314\\site-packages\\PyInstaller\\hooks'
9187 INFO: Processing standard module hook 'hook-_ctypes.py' from 'C:\\Users\\tefa1\\AppData\\Roaming\\Python\\Python314\\site-packages\\PyInstaller\\hooks'
9633 INFO: Processing pre-safe-import-module hook 'hook-typing_extensions.py' from 'C:\\Users\\tefa1\\AppData\\Roaming\\Python\\Python314\\site-packages\\PyInstaller\\hooks\\pre_safe_import_module'
9635 INFO: SetuptoolsInfo: initializing cached setuptools info...
12222 INFO: Processing standard module hook 'hook-xml.dom.domreg.py' from 'C:\\Users\\tefa1\\AppData\\Roaming\\Python\\Python314\\site-packages\\PyInstaller\\hooks'
12809 INFO: Processing standard module hook 'hook-platform.py' from 'C:\\Users\\tefa1\\AppData\\Roaming\\Python\\Python314\\site-packages\\PyInstaller\\hooks'
15067 INFO: Processing standard module hook 'hook-pandas.py' from 'C:\\Users\\tefa1\\AppData\\Roaming\\Python\\Python314\\site-packages\\PyInstaller\\hooks'
16722 INFO: Processing standard module hook 'hook-numpy.py' from 'C:\\Users\\tefa1\\AppData\\Roaming\\Python\\Python314\\site-packages\\PyInstaller\\hooks'
21006 INFO: Processing standard module hook 'hook-zoneinfo.py' from 'C:\\Users\\tefa1\\AppData\\Roaming\\Python\\Python314\\site-packages\\_pyinstaller_hooks_contrib\\stdhooks'
23320 INFO: Processing standard module hook 'hook-pandas.io.formats.style.py' from 'C:\\Users\\tefa1\\AppData\\Roaming\\Python\\Python314\\site-packages\\PyInstaller\\hooks'
27463 INFO: Processing standard module hook 'hook-pandas.plotting.py' from 'C:\\Users\\tefa1\\AppData\\Roaming\\Python\\Python314\\site-packages\\PyInstaller\\hooks'
28191 INFO: Processing standard module hook 'hook-dateutil.py' from 'C:\\Users\\tefa1\\AppData\\Roaming\\Python\\Python314\\site-packages\\_pyinstaller_hooks_contrib\\stdhooks'
28364 INFO: Processing pre-safe-import-module hook 'hook-six.moves.py' from 'C:\\Users\\tefa1\\AppData\\Roaming\\Python\\Python314\\site-packages\\PyInstaller\\hooks\\pre_safe_import_module'
30597 INFO: Processing standard module hook 'hook-sqlite3.py' from 'C:\\Users\\tefa1\\AppData\\Roaming\\Python\\Python314\\site-packages\\PyInstaller\\hooks'
30977 INFO: Processing standard module hook 'hook-pandas.io.clipboard.py' from 'C:\\Users\\tefa1\\AppData\\Roaming\\Python\\Python314\\site-packages\\PyInstaller\\hooks'
31232 INFO: Processing standard module hook 'hook-xml.etree.cElementTree.py' from 'C:\\Users\\tefa1\\AppData\\Roaming\\Python\\Python314\\site-packages\\PyInstaller\\hooks'
31575 INFO: Processing standard module hook 'hook-pytest.py' from 'C:\\Users\\tefa1\\AppData\\Roaming\\Python\\Python314\\site-packages\\_pyinstaller_hooks_contrib\\stdhooks'
31969 INFO: Processing standard module hook 'hook-pygments.py' from 'C:\\Users\\tefa1\\AppData\\Roaming\\Python\\Python314\\site-packages\\PyInstaller\\hooks'
33596 INFO: Processing standard module hook 'hook-py.py' from 'C:\\Users\\tefa1\\AppData\\Roaming\\Python\\Python314\\site-packages\\_pyinstaller_hooks_contrib\\stdhooks'
33889 INFO: Processing pre-safe-import-module hook 'hook-packaging.py' from 'C:\\Users\\tefa1\\AppData\\Roaming\\Python\\Python314\\site-packages\\PyInstaller\\hooks\\pre_safe_import_module'
34195 INFO: Processing pre-safe-import-module hook 'hook-tomli.py' from 'C:\\Users\\tefa1\\AppData\\Roaming\\Python\\Python314\\site-packages\\PyInstaller\\hooks\\pre_safe_import_module'
34196 INFO: Setuptools: 'tomli' appears to be a setuptools-vendored copy - creating alias to 'setuptools._vendor.tomli'!
34206 INFO: Processing standard module hook 'hook-setuptools.py' from 'C:\\Users\\tefa1\\AppData\\Roaming\\Python\\Python314\\site-packages\\PyInstaller\\hooks'
34226 INFO: Processing pre-safe-import-module hook 'hook-distutils.py' from 'C:\\Users\\tefa1\\AppData\\Roaming\\Python\\Python314\\site-packages\\PyInstaller\\hooks\\pre_safe_import_module'
34260 INFO: Processing pre-safe-import-module hook 'hook-jaraco.py' from 'C:\\Users\\tefa1\\AppData\\Roaming\\Python\\Python314\\site-packages\\PyInstaller\\hooks\\pre_safe_import_module'
34261 INFO: Setuptools: 'jaraco' appears to be a full setuptools-vendored copy - creating alias to 'setuptools._vendor.jaraco'!
34282 INFO: Processing pre-safe-import-module hook 'hook-more_itertools.py' from 'C:\\Users\\tefa1\\AppData\\Roaming\\Python\\Python314\\site-packages\\PyInstaller\\hooks\\pre_safe_import_module'
34283 INFO: Setuptools: 'more_itertools' appears to be a setuptools-vendored copy - creating alias to 'setuptools._vendor.more_itertools'!
34845 INFO: Processing standard module hook 'hook-setuptools._vendor.jaraco.text.py' from 'C:\\Users\\tefa1\\AppData\\Roaming\\Python\\Python314\\site-packages\\PyInstaller\\hooks'
34847 INFO: Processing pre-safe-import-module hook 'hook-importlib_resources.py' from 'C:\\Users\\tefa1\\AppData\\Roaming\\Python\\Python314\\site-packages\\PyInstaller\\hooks\\pre_safe_import_module'
34857 INFO: Processing pre-safe-import-module hook 'hook-backports.py' from 'C:\\Users\\tefa1\\AppData\\Roaming\\Python\\Python314\\site-packages\\PyInstaller\\hooks\\pre_safe_import_module'
34858 INFO: Setuptools: 'backports' appears to be a full setuptools-vendored copy - creating alias to 'setuptools._vendor.backports'!
35110 INFO: Processing pre-safe-import-module hook 'hook-importlib_metadata.py' from 'C:\\Users\\tefa1\\AppData\\Roaming\\Python\\Python314\\site-packages\\PyInstaller\\hooks\\pre_safe_import_module'
35111 INFO: Setuptools: 'importlib_metadata' appears to be a setuptools-vendored copy - creating alias to 'setuptools._vendor.importlib_metadata'!
35158 INFO: Processing standard module hook 'hook-setuptools._vendor.importlib_metadata.py' from 'C:\\Users\\tefa1\\AppData\\Roaming\\Python\\Python314\\site-packages\\PyInstaller\\hooks'
35195 INFO: Processing pre-safe-import-module hook 'hook-zipp.py' from 'C:\\Users\\tefa1\\AppData\\Roaming\\Python\\Python314\\site-packages\\PyInstaller\\hooks\\pre_safe_import_module'
35196 INFO: Setuptools: 'zipp' appears to be a setuptools-vendored copy - creating alias to 'setuptools._vendor.zipp'!
36261 INFO: Processing pre-safe-import-module hook 'hook-wheel.py' from 'C:\\Users\\tefa1\\AppData\\Roaming\\Python\\Python314\\site-packages\\PyInstaller\\hooks\\pre_safe_import_module'
36262 INFO: Setuptools: 'wheel' appears to be a setuptools-vendored copy - creating alias to 'setuptools._vendor.wheel'!
44161 INFO: Analyzing hidden import 'rich._unicode_data.unicode4-1-0'
44171 INFO: Analyzing hidden import 'rich._unicode_data.unicode5-0-0'
44179 INFO: Analyzing hidden import 'rich._unicode_data.unicode5-1-0'
44189 INFO: Analyzing hidden import 'rich._unicode_data.unicode5-2-0'
44198 INFO: Analyzing hidden import 'rich._unicode_data.unicode6-0-0'
44207 INFO: Analyzing hidden import 'rich._unicode_data.unicode6-1-0'
44216 INFO: Analyzing hidden import 'rich._unicode_data.unicode6-2-0'
44232 INFO: Analyzing hidden import 'rich._unicode_data.unicode6-3-0'
44241 INFO: Analyzing hidden import 'rich._unicode_data.unicode7-0-0'
44252 INFO: Analyzing hidden import 'rich._unicode_data.unicode8-0-0'
44267 INFO: Analyzing hidden import 'rich._unicode_data.unicode9-0-0'
44280 INFO: Analyzing hidden import 'rich._unicode_data.unicode10-0-0'
44293 INFO: Analyzing hidden import 'rich._unicode_data.unicode11-0-0'
44306 INFO: Analyzing hidden import 'rich._unicode_data.unicode12-0-0'
44332 INFO: Analyzing hidden import 'rich._unicode_data.unicode12-1-0'
44361 INFO: Analyzing hidden import 'rich._unicode_data.unicode13-0-0'
44387 INFO: Analyzing hidden import 'rich._unicode_data.unicode14-0-0'
44400 INFO: Analyzing hidden import 'rich._unicode_data.unicode15-0-0'
44414 INFO: Analyzing hidden import 'rich._unicode_data.unicode15-1-0'
44434 INFO: Analyzing hidden import 'rich._unicode_data.unicode16-0-0'
44457 INFO: Analyzing hidden import 'rich._unicode_data.unicode17-0-0'
44474 INFO: Processing module hooks (post-graph stage)...
44625 INFO: Processing standard module hook 'hook-jinja2.py' from 'C:\\Users\\tefa1\\AppData\\Roaming\\Python\\Python314\\site-packages\\_pyinstaller_hooks_contrib\\stdhooks'
49183 INFO: Processing standard module hook 'hook-tzdata.py' from 'C:\\Users\\tefa1\\AppData\\Roaming\\Python\\Python314\\site-packages\\_pyinstaller_hooks_contrib\\stdhooks'
49825 INFO: Performing binary vs. data reclassification (8937 entries)
51085 INFO: Looking for ctypes DLLs
51167 INFO: Analyzing run-time hooks ...
51167 INFO: Including custom run-time hook 'scripts\\pyinstaller_rth_env.py'
51174 INFO: Including run-time hook 'pyi_rth_inspect.py' from 'C:\\Users\\tefa1\\AppData\\Roaming\\Python\\Python314\\site-packages\\PyInstaller\\hooks\\rthooks'
51177 INFO: Including run-time hook 'pyi_rth_pkgutil.py' from 'C:\\Users\\tefa1\\AppData\\Roaming\\Python\\Python314\\site-packages\\PyInstaller\\hooks\\rthooks'
51179 INFO: Including run-time hook 'pyi_rth_setuptools.py' from 'C:\\Users\\tefa1\\AppData\\Roaming\\Python\\Python314\\site-packages\\PyInstaller\\hooks\\rthooks'
51181 INFO: Including run-time hook 'pyi_rth_multiprocessing.py' from 'C:\\Users\\tefa1\\AppData\\Roaming\\Python\\Python314\\site-packages\\PyInstaller\\hooks\\rthooks'
51398 INFO: Creating base_library.zip...
51417 INFO: Looking for dynamic libraries
53256 INFO: Extra DLL search directories (AddDllDirectory): ['C:\\Users\\tefa1\\AppData\\Roaming\\Python\\Python314\\site-packages\\pandas.libs', 'C:\\Users\\tefa1\\AppData\\Roaming\\Python\\Python314\\site-packages\\numpy.libs']
53256 INFO: Extra DLL search directories (PATH): []
54152 INFO: Warnings written to C:\Users\tefa1\AutoPTU\build\AutoPTU\warn-AutoPTU.txt
54302 INFO: Graph cross-reference written to C:\Users\tefa1\AutoPTU\build\AutoPTU\xref-AutoPTU.html
54741 INFO: checking PYZ
54741 INFO: Building PYZ because PYZ-00.toc is non existent
54741 INFO: Building PYZ (ZlibArchive) C:\Users\tefa1\AutoPTU\build\AutoPTU\PYZ-00.pyz
55940 INFO: Building PYZ (ZlibArchive) C:\Users\tefa1\AutoPTU\build\AutoPTU\PYZ-00.pyz completed successfully.
56138 INFO: checking PKG
56139 INFO: Building PKG because PKG-00.toc is non existent
56139 INFO: Building PKG (CArchive) AutoPTU.pkg
68253 INFO: Building PKG (CArchive) AutoPTU.pkg completed successfully.
68464 INFO: Bootloader C:\Users\tefa1\AppData\Roaming\Python\Python314\site-packages\PyInstaller\bootloader\Windows-64bit-intel\run.exe
68465 INFO: checking EXE
68465 INFO: Building EXE because EXE-00.toc is non existent
68465 INFO: Building EXE from EXE-00.toc
68491 INFO: Copying bootloader EXE to C:\Users\tefa1\AutoPTU\dist\AutoPTU.exe
68550 INFO: Copying icon to EXE
68601 INFO: Copying 0 resources to EXE
68602 INFO: Embedding manifest in EXE
68646 INFO: Appending PKG archive to EXE
68842 INFO: Fixing EXE headers
70103 INFO: Building EXE from EXE-00.toc completed successfully.
70297 INFO: Build complete! The results are available in: C:\Users\tefa1\AutoPTU\dist
