241 INFO: PyInstaller: 6.19.0, contrib hooks: 2026.1
241 INFO: Python: 3.14.3
272 INFO: Platform: Windows-11-10.0.26200-SP0
272 INFO: Python environment: C:\Python314
274 INFO: Removing temporary files and cleaning cache in C:\Users\tefa1\AppData\Local\pyinstaller
302 INFO: Module search paths (PYTHONPATH):
['C:\\Users\\tefa1\\AutoPTU',
 'C:\\Python314\\python314.zip',
 'C:\\Python314\\DLLs',
 'C:\\Python314\\Lib',
 'C:\\Python314',
 'C:\\Users\\tefa1\\AppData\\Roaming\\Python\\Python314\\site-packages',
 '__editable__.auto_ptu-0.1.0.finder.__path_hook__',
 'C:\\Python314\\Lib\\site-packages',
 'C:\\Users\\tefa1\\AutoPTU']
990 INFO: Appending 'datas' from .spec
1113 INFO: checking Analysis
1113 INFO: Building Analysis because Analysis-00.toc is non existent
1113 INFO: Looking for Python shared library...
1113 INFO: Using Python shared library: C:\Python314\python314.dll
1113 INFO: Running Analysis Analysis-00.toc
1113 INFO: Target bytecode optimization level: 0
1113 INFO: Initializing module dependency graph...
1114 INFO: Initializing module graph hook caches...
1123 INFO: Analyzing modules for base_library.zip ...
2410 INFO: Processing standard module hook 'hook-encodings.py' from 'C:\\Users\\tefa1\\AppData\\Roaming\\Python\\Python314\\site-packages\\PyInstaller\\hooks'
2862 INFO: Processing standard module hook 'hook-pickle.py' from 'C:\\Users\\tefa1\\AppData\\Roaming\\Python\\Python314\\site-packages\\PyInstaller\\hooks'
3669 INFO: Processing standard module hook 'hook-difflib.py' from 'C:\\Users\\tefa1\\AppData\\Roaming\\Python\\Python314\\site-packages\\PyInstaller\\hooks'
3687 INFO: Processing standard module hook 'hook-heapq.py' from 'C:\\Users\\tefa1\\AppData\\Roaming\\Python\\Python314\\site-packages\\PyInstaller\\hooks'
6424 INFO: Caching module dependency graph...
6443 INFO: Analyzing C:\Users\tefa1\AutoPTU\auto_ptu_launcher.py
6487 INFO: Processing standard module hook 'hook-multiprocessing.util.py' from 'C:\\Users\\tefa1\\AppData\\Roaming\\Python\\Python314\\site-packages\\PyInstaller\\hooks'
6564 INFO: Processing standard module hook 'hook-xml.py' from 'C:\\Users\\tefa1\\AppData\\Roaming\\Python\\Python314\\site-packages\\PyInstaller\\hooks'
6807 INFO: Processing standard module hook 'hook-sysconfig.py' from 'C:\\Users\\tefa1\\AppData\\Roaming\\Python\\Python314\\site-packages\\PyInstaller\\hooks'
6810 INFO: Processing standard module hook 'hook-_ctypes.py' from 'C:\\Users\\tefa1\\AppData\\Roaming\\Python\\Python314\\site-packages\\PyInstaller\\hooks'
7028 INFO: Processing pre-safe-import-module hook 'hook-typing_extensions.py' from 'C:\\Users\\tefa1\\AppData\\Roaming\\Python\\Python314\\site-packages\\PyInstaller\\hooks\\pre_safe_import_module'
7030 INFO: SetuptoolsInfo: initializing cached setuptools info...
8479 INFO: Processing standard module hook 'hook-xml.dom.domreg.py' from 'C:\\Users\\tefa1\\AppData\\Roaming\\Python\\Python314\\site-packages\\PyInstaller\\hooks'
8802 INFO: Processing standard module hook 'hook-platform.py' from 'C:\\Users\\tefa1\\AppData\\Roaming\\Python\\Python314\\site-packages\\PyInstaller\\hooks'
9958 INFO: Processing standard module hook 'hook-pandas.py' from 'C:\\Users\\tefa1\\AppData\\Roaming\\Python\\Python314\\site-packages\\PyInstaller\\hooks'
10979 INFO: Processing standard module hook 'hook-numpy.py' from 'C:\\Users\\tefa1\\AppData\\Roaming\\Python\\Python314\\site-packages\\PyInstaller\\hooks'
13319 INFO: Processing standard module hook 'hook-zoneinfo.py' from 'C:\\Users\\tefa1\\AppData\\Roaming\\Python\\Python314\\site-packages\\_pyinstaller_hooks_contrib\\stdhooks'
14616 INFO: Processing standard module hook 'hook-pandas.io.formats.style.py' from 'C:\\Users\\tefa1\\AppData\\Roaming\\Python\\Python314\\site-packages\\PyInstaller\\hooks'
16960 INFO: Processing standard module hook 'hook-pandas.plotting.py' from 'C:\\Users\\tefa1\\AppData\\Roaming\\Python\\Python314\\site-packages\\PyInstaller\\hooks'
17401 INFO: Processing standard module hook 'hook-dateutil.py' from 'C:\\Users\\tefa1\\AppData\\Roaming\\Python\\Python314\\site-packages\\_pyinstaller_hooks_contrib\\stdhooks'
17519 INFO: Processing pre-safe-import-module hook 'hook-six.moves.py' from 'C:\\Users\\tefa1\\AppData\\Roaming\\Python\\Python314\\site-packages\\PyInstaller\\hooks\\pre_safe_import_module'
18819 INFO: Processing standard module hook 'hook-sqlite3.py' from 'C:\\Users\\tefa1\\AppData\\Roaming\\Python\\Python314\\site-packages\\PyInstaller\\hooks'
19068 INFO: Processing standard module hook 'hook-pandas.io.clipboard.py' from 'C:\\Users\\tefa1\\AppData\\Roaming\\Python\\Python314\\site-packages\\PyInstaller\\hooks'
19228 INFO: Processing standard module hook 'hook-xml.etree.cElementTree.py' from 'C:\\Users\\tefa1\\AppData\\Roaming\\Python\\Python314\\site-packages\\PyInstaller\\hooks'
19416 INFO: Processing standard module hook 'hook-pytest.py' from 'C:\\Users\\tefa1\\AppData\\Roaming\\Python\\Python314\\site-packages\\_pyinstaller_hooks_contrib\\stdhooks'
19624 INFO: Processing standard module hook 'hook-pygments.py' from 'C:\\Users\\tefa1\\AppData\\Roaming\\Python\\Python314\\site-packages\\PyInstaller\\hooks'
20610 INFO: Processing standard module hook 'hook-py.py' from 'C:\\Users\\tefa1\\AppData\\Roaming\\Python\\Python314\\site-packages\\_pyinstaller_hooks_contrib\\stdhooks'
20795 INFO: Processing pre-safe-import-module hook 'hook-packaging.py' from 'C:\\Users\\tefa1\\AppData\\Roaming\\Python\\Python314\\site-packages\\PyInstaller\\hooks\\pre_safe_import_module'
20967 INFO: Processing pre-safe-import-module hook 'hook-tomli.py' from 'C:\\Users\\tefa1\\AppData\\Roaming\\Python\\Python314\\site-packages\\PyInstaller\\hooks\\pre_safe_import_module'
20968 INFO: Setuptools: 'tomli' appears to be a setuptools-vendored copy - creating alias to 'setuptools._vendor.tomli'!
20973 INFO: Processing standard module hook 'hook-setuptools.py' from 'C:\\Users\\tefa1\\AppData\\Roaming\\Python\\Python314\\site-packages\\PyInstaller\\hooks'
20984 INFO: Processing pre-safe-import-module hook 'hook-distutils.py' from 'C:\\Users\\tefa1\\AppData\\Roaming\\Python\\Python314\\site-packages\\PyInstaller\\hooks\\pre_safe_import_module'
21007 INFO: Processing pre-safe-import-module hook 'hook-jaraco.py' from 'C:\\Users\\tefa1\\AppData\\Roaming\\Python\\Python314\\site-packages\\PyInstaller\\hooks\\pre_safe_import_module'
21008 INFO: Setuptools: 'jaraco' appears to be a full setuptools-vendored copy - creating alias to 'setuptools._vendor.jaraco'!
21016 INFO: Processing pre-safe-import-module hook 'hook-more_itertools.py' from 'C:\\Users\\tefa1\\AppData\\Roaming\\Python\\Python314\\site-packages\\PyInstaller\\hooks\\pre_safe_import_module'
21017 INFO: Setuptools: 'more_itertools' appears to be a setuptools-vendored copy - creating alias to 'setuptools._vendor.more_itertools'!
21311 INFO: Processing standard module hook 'hook-setuptools._vendor.jaraco.text.py' from 'C:\\Users\\tefa1\\AppData\\Roaming\\Python\\Python314\\site-packages\\PyInstaller\\hooks'
21312 INFO: Processing pre-safe-import-module hook 'hook-importlib_resources.py' from 'C:\\Users\\tefa1\\AppData\\Roaming\\Python\\Python314\\site-packages\\PyInstaller\\hooks\\pre_safe_import_module'
21319 INFO: Processing pre-safe-import-module hook 'hook-backports.py' from 'C:\\Users\\tefa1\\AppData\\Roaming\\Python\\Python314\\site-packages\\PyInstaller\\hooks\\pre_safe_import_module'
21319 INFO: Setuptools: 'backports' appears to be a full setuptools-vendored copy - creating alias to 'setuptools._vendor.backports'!
21462 INFO: Processing pre-safe-import-module hook 'hook-importlib_metadata.py' from 'C:\\Users\\tefa1\\AppData\\Roaming\\Python\\Python314\\site-packages\\PyInstaller\\hooks\\pre_safe_import_module'
21463 INFO: Setuptools: 'importlib_metadata' appears to be a setuptools-vendored copy - creating alias to 'setuptools._vendor.importlib_metadata'!
21485 INFO: Processing standard module hook 'hook-setuptools._vendor.importlib_metadata.py' from 'C:\\Users\\tefa1\\AppData\\Roaming\\Python\\Python314\\site-packages\\PyInstaller\\hooks'
21503 INFO: Processing pre-safe-import-module hook 'hook-zipp.py' from 'C:\\Users\\tefa1\\AppData\\Roaming\\Python\\Python314\\site-packages\\PyInstaller\\hooks\\pre_safe_import_module'
21504 INFO: Setuptools: 'zipp' appears to be a setuptools-vendored copy - creating alias to 'setuptools._vendor.zipp'!
22139 INFO: Processing pre-safe-import-module hook 'hook-wheel.py' from 'C:\\Users\\tefa1\\AppData\\Roaming\\Python\\Python314\\site-packages\\PyInstaller\\hooks\\pre_safe_import_module'
22140 INFO: Setuptools: 'wheel' appears to be a setuptools-vendored copy - creating alias to 'setuptools._vendor.wheel'!
26175 INFO: Analyzing hidden import 'rich._unicode_data.unicode4-1-0'
26181 INFO: Analyzing hidden import 'rich._unicode_data.unicode5-0-0'
26186 INFO: Analyzing hidden import 'rich._unicode_data.unicode5-1-0'
26192 INFO: Analyzing hidden import 'rich._unicode_data.unicode5-2-0'
26199 INFO: Analyzing hidden import 'rich._unicode_data.unicode6-0-0'
26205 INFO: Analyzing hidden import 'rich._unicode_data.unicode6-1-0'
26212 INFO: Analyzing hidden import 'rich._unicode_data.unicode6-2-0'
26219 INFO: Analyzing hidden import 'rich._unicode_data.unicode6-3-0'
26225 INFO: Analyzing hidden import 'rich._unicode_data.unicode7-0-0'
26234 INFO: Analyzing hidden import 'rich._unicode_data.unicode8-0-0'
26241 INFO: Analyzing hidden import 'rich._unicode_data.unicode9-0-0'
26249 INFO: Analyzing hidden import 'rich._unicode_data.unicode10-0-0'
26258 INFO: Analyzing hidden import 'rich._unicode_data.unicode11-0-0'
26268 INFO: Analyzing hidden import 'rich._unicode_data.unicode12-0-0'
26278 INFO: Analyzing hidden import 'rich._unicode_data.unicode12-1-0'
26289 INFO: Analyzing hidden import 'rich._unicode_data.unicode13-0-0'
26308 INFO: Analyzing hidden import 'rich._unicode_data.unicode14-0-0'
26317 INFO: Analyzing hidden import 'rich._unicode_data.unicode15-0-0'
26327 INFO: Analyzing hidden import 'rich._unicode_data.unicode15-1-0'
26337 INFO: Analyzing hidden import 'rich._unicode_data.unicode16-0-0'
26347 INFO: Analyzing hidden import 'rich._unicode_data.unicode17-0-0'
26357 INFO: Processing module hooks (post-graph stage)...
26443 INFO: Processing standard module hook 'hook-jinja2.py' from 'C:\\Users\\tefa1\\AppData\\Roaming\\Python\\Python314\\site-packages\\_pyinstaller_hooks_contrib\\stdhooks'
28991 INFO: Processing standard module hook 'hook-tzdata.py' from 'C:\\Users\\tefa1\\AppData\\Roaming\\Python\\Python314\\site-packages\\_pyinstaller_hooks_contrib\\stdhooks'
29342 INFO: Performing binary vs. data reclassification (8937 entries)
31050 INFO: Looking for ctypes DLLs
31105 INFO: Analyzing run-time hooks ...
31105 INFO: Including custom run-time hook 'scripts\\pyinstaller_rth_env.py'
31110 INFO: Including run-time hook 'pyi_rth_inspect.py' from 'C:\\Users\\tefa1\\AppData\\Roaming\\Python\\Python314\\site-packages\\PyInstaller\\hooks\\rthooks'
31112 INFO: Including run-time hook 'pyi_rth_pkgutil.py' from 'C:\\Users\\tefa1\\AppData\\Roaming\\Python\\Python314\\site-packages\\PyInstaller\\hooks\\rthooks'
31114 INFO: Including run-time hook 'pyi_rth_setuptools.py' from 'C:\\Users\\tefa1\\AppData\\Roaming\\Python\\Python314\\site-packages\\PyInstaller\\hooks\\rthooks'
31115 INFO: Including run-time hook 'pyi_rth_multiprocessing.py' from 'C:\\Users\\tefa1\\AppData\\Roaming\\Python\\Python314\\site-packages\\PyInstaller\\hooks\\rthooks'
31244 INFO: Creating base_library.zip...
31257 INFO: Looking for dynamic libraries
32476 INFO: Extra DLL search directories (AddDllDirectory): ['C:\\Users\\tefa1\\AppData\\Roaming\\Python\\Python314\\site-packages\\pandas.libs', 'C:\\Users\\tefa1\\AppData\\Roaming\\Python\\Python314\\site-packages\\numpy.libs']
32476 INFO: Extra DLL search directories (PATH): []
33099 INFO: Warnings written to C:\Users\tefa1\AutoPTU\build\AutoPTU\warn-AutoPTU.txt
33190 INFO: Graph cross-reference written to C:\Users\tefa1\AutoPTU\build\AutoPTU\xref-AutoPTU.html
33459 INFO: checking PYZ
33459 INFO: Building PYZ because PYZ-00.toc is non existent
33459 INFO: Building PYZ (ZlibArchive) C:\Users\tefa1\AutoPTU\build\AutoPTU\PYZ-00.pyz
34335 INFO: Building PYZ (ZlibArchive) C:\Users\tefa1\AutoPTU\build\AutoPTU\PYZ-00.pyz completed successfully.
34444 INFO: checking PKG
34444 INFO: Building PKG because PKG-00.toc is non existent
34444 INFO: Building PKG (CArchive) AutoPTU.pkg
43671 INFO: Building PKG (CArchive) AutoPTU.pkg completed successfully.
43799 INFO: Bootloader C:\Users\tefa1\AppData\Roaming\Python\Python314\site-packages\PyInstaller\bootloader\Windows-64bit-intel\run.exe
43799 INFO: checking EXE
43799 INFO: Building EXE because EXE-00.toc is non existent
43799 INFO: Building EXE from EXE-00.toc
43800 INFO: Copying bootloader EXE to C:\Users\tefa1\AutoPTU\dist\AutoPTU.exe
43841 INFO: Copying icon to EXE
43872 INFO: Copying 0 resources to EXE
43872 INFO: Embedding manifest in EXE
43908 INFO: Appending PKG archive to EXE
44143 INFO: Fixing EXE headers
44978 INFO: Building EXE from EXE-00.toc completed successfully.
45095 INFO: Build complete! The results are available in: C:\Users\tefa1\AutoPTU\dist
