128 INFO: PyInstaller: 6.19.0, contrib hooks: 2026.1
128 INFO: Python: 3.14.3
148 INFO: Platform: Windows-11-10.0.26200-SP0
148 INFO: Python environment: C:\Python314
150 INFO: Removing temporary files and cleaning cache in C:\Users\tefa1\AppData\Local\pyinstaller
186 INFO: Module search paths (PYTHONPATH):
['C:\\Users\\tefa1\\AutoPTU',
 'C:\\Python314\\python314.zip',
 'C:\\Python314\\DLLs',
 'C:\\Python314\\Lib',
 'C:\\Python314',
 'C:\\Users\\tefa1\\AppData\\Roaming\\Python\\Python314\\site-packages',
 '__editable__.auto_ptu-0.1.0.finder.__path_hook__',
 'C:\\Python314\\Lib\\site-packages',
 'C:\\Users\\tefa1\\AutoPTU']
461 INFO: Appending 'datas' from .spec
571 INFO: checking Analysis
572 INFO: Building Analysis because Analysis-00.toc is non existent
572 INFO: Looking for Python shared library...
572 INFO: Using Python shared library: C:\Python314\python314.dll
572 INFO: Running Analysis Analysis-00.toc
572 INFO: Target bytecode optimization level: 0
572 INFO: Initializing module dependency graph...
572 INFO: Initializing module graph hook caches...
581 INFO: Analyzing modules for base_library.zip ...
1687 INFO: Processing standard module hook 'hook-encodings.py' from 'C:\\Users\\tefa1\\AppData\\Roaming\\Python\\Python314\\site-packages\\PyInstaller\\hooks'
1971 INFO: Processing standard module hook 'hook-pickle.py' from 'C:\\Users\\tefa1\\AppData\\Roaming\\Python\\Python314\\site-packages\\PyInstaller\\hooks'
2391 INFO: Processing standard module hook 'hook-difflib.py' from 'C:\\Users\\tefa1\\AppData\\Roaming\\Python\\Python314\\site-packages\\PyInstaller\\hooks'
2400 INFO: Processing standard module hook 'hook-heapq.py' from 'C:\\Users\\tefa1\\AppData\\Roaming\\Python\\Python314\\site-packages\\PyInstaller\\hooks'
4400 INFO: Caching module dependency graph...
4419 INFO: Analyzing C:\Users\tefa1\AutoPTU\auto_ptu_launcher.py
4462 INFO: Processing standard module hook 'hook-multiprocessing.util.py' from 'C:\\Users\\tefa1\\AppData\\Roaming\\Python\\Python314\\site-packages\\PyInstaller\\hooks'
4535 INFO: Processing standard module hook 'hook-xml.py' from 'C:\\Users\\tefa1\\AppData\\Roaming\\Python\\Python314\\site-packages\\PyInstaller\\hooks'
4773 INFO: Processing standard module hook 'hook-sysconfig.py' from 'C:\\Users\\tefa1\\AppData\\Roaming\\Python\\Python314\\site-packages\\PyInstaller\\hooks'
4777 INFO: Processing standard module hook 'hook-_ctypes.py' from 'C:\\Users\\tefa1\\AppData\\Roaming\\Python\\Python314\\site-packages\\PyInstaller\\hooks'
4997 INFO: Processing pre-safe-import-module hook 'hook-typing_extensions.py' from 'C:\\Users\\tefa1\\AppData\\Roaming\\Python\\Python314\\site-packages\\PyInstaller\\hooks\\pre_safe_import_module'
4998 INFO: SetuptoolsInfo: initializing cached setuptools info...
6407 INFO: Processing standard module hook 'hook-xml.dom.domreg.py' from 'C:\\Users\\tefa1\\AppData\\Roaming\\Python\\Python314\\site-packages\\PyInstaller\\hooks'
6719 INFO: Processing standard module hook 'hook-platform.py' from 'C:\\Users\\tefa1\\AppData\\Roaming\\Python\\Python314\\site-packages\\PyInstaller\\hooks'
7749 INFO: Processing standard module hook 'hook-pandas.py' from 'C:\\Users\\tefa1\\AppData\\Roaming\\Python\\Python314\\site-packages\\PyInstaller\\hooks'
8755 INFO: Processing standard module hook 'hook-numpy.py' from 'C:\\Users\\tefa1\\AppData\\Roaming\\Python\\Python314\\site-packages\\PyInstaller\\hooks'
11023 INFO: Processing standard module hook 'hook-zoneinfo.py' from 'C:\\Users\\tefa1\\AppData\\Roaming\\Python\\Python314\\site-packages\\_pyinstaller_hooks_contrib\\stdhooks'
12232 INFO: Processing standard module hook 'hook-pandas.io.formats.style.py' from 'C:\\Users\\tefa1\\AppData\\Roaming\\Python\\Python314\\site-packages\\PyInstaller\\hooks'
14505 INFO: Processing standard module hook 'hook-pandas.plotting.py' from 'C:\\Users\\tefa1\\AppData\\Roaming\\Python\\Python314\\site-packages\\PyInstaller\\hooks'
14937 INFO: Processing standard module hook 'hook-dateutil.py' from 'C:\\Users\\tefa1\\AppData\\Roaming\\Python\\Python314\\site-packages\\_pyinstaller_hooks_contrib\\stdhooks'
15048 INFO: Processing pre-safe-import-module hook 'hook-six.moves.py' from 'C:\\Users\\tefa1\\AppData\\Roaming\\Python\\Python314\\site-packages\\PyInstaller\\hooks\\pre_safe_import_module'
16291 INFO: Processing standard module hook 'hook-sqlite3.py' from 'C:\\Users\\tefa1\\AppData\\Roaming\\Python\\Python314\\site-packages\\PyInstaller\\hooks'
16527 INFO: Processing standard module hook 'hook-pandas.io.clipboard.py' from 'C:\\Users\\tefa1\\AppData\\Roaming\\Python\\Python314\\site-packages\\PyInstaller\\hooks'
16678 INFO: Processing standard module hook 'hook-xml.etree.cElementTree.py' from 'C:\\Users\\tefa1\\AppData\\Roaming\\Python\\Python314\\site-packages\\PyInstaller\\hooks'
16858 INFO: Processing standard module hook 'hook-pytest.py' from 'C:\\Users\\tefa1\\AppData\\Roaming\\Python\\Python314\\site-packages\\_pyinstaller_hooks_contrib\\stdhooks'
17063 INFO: Processing standard module hook 'hook-pygments.py' from 'C:\\Users\\tefa1\\AppData\\Roaming\\Python\\Python314\\site-packages\\PyInstaller\\hooks'
17999 INFO: Processing standard module hook 'hook-py.py' from 'C:\\Users\\tefa1\\AppData\\Roaming\\Python\\Python314\\site-packages\\_pyinstaller_hooks_contrib\\stdhooks'
18188 INFO: Processing pre-safe-import-module hook 'hook-packaging.py' from 'C:\\Users\\tefa1\\AppData\\Roaming\\Python\\Python314\\site-packages\\PyInstaller\\hooks\\pre_safe_import_module'
18360 INFO: Processing pre-safe-import-module hook 'hook-tomli.py' from 'C:\\Users\\tefa1\\AppData\\Roaming\\Python\\Python314\\site-packages\\PyInstaller\\hooks\\pre_safe_import_module'
18361 INFO: Setuptools: 'tomli' appears to be a setuptools-vendored copy - creating alias to 'setuptools._vendor.tomli'!
18366 INFO: Processing standard module hook 'hook-setuptools.py' from 'C:\\Users\\tefa1\\AppData\\Roaming\\Python\\Python314\\site-packages\\PyInstaller\\hooks'
18377 INFO: Processing pre-safe-import-module hook 'hook-distutils.py' from 'C:\\Users\\tefa1\\AppData\\Roaming\\Python\\Python314\\site-packages\\PyInstaller\\hooks\\pre_safe_import_module'
18401 INFO: Processing pre-safe-import-module hook 'hook-jaraco.py' from 'C:\\Users\\tefa1\\AppData\\Roaming\\Python\\Python314\\site-packages\\PyInstaller\\hooks\\pre_safe_import_module'
18401 INFO: Setuptools: 'jaraco' appears to be a full setuptools-vendored copy - creating alias to 'setuptools._vendor.jaraco'!
18410 INFO: Processing pre-safe-import-module hook 'hook-more_itertools.py' from 'C:\\Users\\tefa1\\AppData\\Roaming\\Python\\Python314\\site-packages\\PyInstaller\\hooks\\pre_safe_import_module'
18410 INFO: Setuptools: 'more_itertools' appears to be a setuptools-vendored copy - creating alias to 'setuptools._vendor.more_itertools'!
18699 INFO: Processing standard module hook 'hook-setuptools._vendor.jaraco.text.py' from 'C:\\Users\\tefa1\\AppData\\Roaming\\Python\\Python314\\site-packages\\PyInstaller\\hooks'
18700 INFO: Processing pre-safe-import-module hook 'hook-importlib_resources.py' from 'C:\\Users\\tefa1\\AppData\\Roaming\\Python\\Python314\\site-packages\\PyInstaller\\hooks\\pre_safe_import_module'
18707 INFO: Processing pre-safe-import-module hook 'hook-backports.py' from 'C:\\Users\\tefa1\\AppData\\Roaming\\Python\\Python314\\site-packages\\PyInstaller\\hooks\\pre_safe_import_module'
18707 INFO: Setuptools: 'backports' appears to be a full setuptools-vendored copy - creating alias to 'setuptools._vendor.backports'!
18847 INFO: Processing pre-safe-import-module hook 'hook-importlib_metadata.py' from 'C:\\Users\\tefa1\\AppData\\Roaming\\Python\\Python314\\site-packages\\PyInstaller\\hooks\\pre_safe_import_module'
18847 INFO: Setuptools: 'importlib_metadata' appears to be a setuptools-vendored copy - creating alias to 'setuptools._vendor.importlib_metadata'!
18870 INFO: Processing standard module hook 'hook-setuptools._vendor.importlib_metadata.py' from 'C:\\Users\\tefa1\\AppData\\Roaming\\Python\\Python314\\site-packages\\PyInstaller\\hooks'
18888 INFO: Processing pre-safe-import-module hook 'hook-zipp.py' from 'C:\\Users\\tefa1\\AppData\\Roaming\\Python\\Python314\\site-packages\\PyInstaller\\hooks\\pre_safe_import_module'
18889 INFO: Setuptools: 'zipp' appears to be a setuptools-vendored copy - creating alias to 'setuptools._vendor.zipp'!
19504 INFO: Processing pre-safe-import-module hook 'hook-wheel.py' from 'C:\\Users\\tefa1\\AppData\\Roaming\\Python\\Python314\\site-packages\\PyInstaller\\hooks\\pre_safe_import_module'
19505 INFO: Setuptools: 'wheel' appears to be a setuptools-vendored copy - creating alias to 'setuptools._vendor.wheel'!
23447 INFO: Analyzing hidden import 'rich._unicode_data.unicode4-1-0'
23452 INFO: Analyzing hidden import 'rich._unicode_data.unicode5-0-0'
23457 INFO: Analyzing hidden import 'rich._unicode_data.unicode5-1-0'
23462 INFO: Analyzing hidden import 'rich._unicode_data.unicode5-2-0'
23469 INFO: Analyzing hidden import 'rich._unicode_data.unicode6-0-0'
23474 INFO: Analyzing hidden import 'rich._unicode_data.unicode6-1-0'
23481 INFO: Analyzing hidden import 'rich._unicode_data.unicode6-2-0'
23487 INFO: Analyzing hidden import 'rich._unicode_data.unicode6-3-0'
23493 INFO: Analyzing hidden import 'rich._unicode_data.unicode7-0-0'
23503 INFO: Analyzing hidden import 'rich._unicode_data.unicode8-0-0'
23510 INFO: Analyzing hidden import 'rich._unicode_data.unicode9-0-0'
23518 INFO: Analyzing hidden import 'rich._unicode_data.unicode10-0-0'
23526 INFO: Analyzing hidden import 'rich._unicode_data.unicode11-0-0'
23535 INFO: Analyzing hidden import 'rich._unicode_data.unicode12-0-0'
23544 INFO: Analyzing hidden import 'rich._unicode_data.unicode12-1-0'
23555 INFO: Analyzing hidden import 'rich._unicode_data.unicode13-0-0'
23573 INFO: Analyzing hidden import 'rich._unicode_data.unicode14-0-0'
23583 INFO: Analyzing hidden import 'rich._unicode_data.unicode15-0-0'
23592 INFO: Analyzing hidden import 'rich._unicode_data.unicode15-1-0'
23601 INFO: Analyzing hidden import 'rich._unicode_data.unicode16-0-0'
23610 INFO: Analyzing hidden import 'rich._unicode_data.unicode17-0-0'
23620 INFO: Processing module hooks (post-graph stage)...
23700 INFO: Processing standard module hook 'hook-jinja2.py' from 'C:\\Users\\tefa1\\AppData\\Roaming\\Python\\Python314\\site-packages\\_pyinstaller_hooks_contrib\\stdhooks'
26098 INFO: Processing standard module hook 'hook-tzdata.py' from 'C:\\Users\\tefa1\\AppData\\Roaming\\Python\\Python314\\site-packages\\_pyinstaller_hooks_contrib\\stdhooks'
26440 INFO: Performing binary vs. data reclassification (8938 entries)
26908 INFO: Looking for ctypes DLLs
26964 INFO: Analyzing run-time hooks ...
26964 INFO: Including custom run-time hook 'scripts\\pyinstaller_rth_env.py'
26969 INFO: Including run-time hook 'pyi_rth_inspect.py' from 'C:\\Users\\tefa1\\AppData\\Roaming\\Python\\Python314\\site-packages\\PyInstaller\\hooks\\rthooks'
26971 INFO: Including run-time hook 'pyi_rth_pkgutil.py' from 'C:\\Users\\tefa1\\AppData\\Roaming\\Python\\Python314\\site-packages\\PyInstaller\\hooks\\rthooks'
26973 INFO: Including run-time hook 'pyi_rth_setuptools.py' from 'C:\\Users\\tefa1\\AppData\\Roaming\\Python\\Python314\\site-packages\\PyInstaller\\hooks\\rthooks'
26974 INFO: Including run-time hook 'pyi_rth_multiprocessing.py' from 'C:\\Users\\tefa1\\AppData\\Roaming\\Python\\Python314\\site-packages\\PyInstaller\\hooks\\rthooks'
27104 INFO: Creating base_library.zip...
27116 INFO: Looking for dynamic libraries
28241 INFO: Extra DLL search directories (AddDllDirectory): ['C:\\Users\\tefa1\\AppData\\Roaming\\Python\\Python314\\site-packages\\pandas.libs', 'C:\\Users\\tefa1\\AppData\\Roaming\\Python\\Python314\\site-packages\\numpy.libs']
28241 INFO: Extra DLL search directories (PATH): []
28757 INFO: Warnings written to C:\Users\tefa1\AutoPTU\build\AutoPTU\warn-AutoPTU.txt
28851 INFO: Graph cross-reference written to C:\Users\tefa1\AutoPTU\build\AutoPTU\xref-AutoPTU.html
29108 INFO: checking PYZ
29108 INFO: Building PYZ because PYZ-00.toc is non existent
29108 INFO: Building PYZ (ZlibArchive) C:\Users\tefa1\AutoPTU\build\AutoPTU\PYZ-00.pyz
29899 INFO: Building PYZ (ZlibArchive) C:\Users\tefa1\AutoPTU\build\AutoPTU\PYZ-00.pyz completed successfully.
30007 INFO: checking PKG
30007 INFO: Building PKG because PKG-00.toc is non existent
30007 INFO: Building PKG (CArchive) AutoPTU.pkg
37506 INFO: Building PKG (CArchive) AutoPTU.pkg completed successfully.
37632 INFO: Bootloader C:\Users\tefa1\AppData\Roaming\Python\Python314\site-packages\PyInstaller\bootloader\Windows-64bit-intel\run.exe
37632 INFO: checking EXE
37632 INFO: Building EXE because EXE-00.toc is non existent
37632 INFO: Building EXE from EXE-00.toc
37656 INFO: Copying bootloader EXE to C:\Users\tefa1\AutoPTU\dist\AutoPTU.exe
37692 INFO: Copying icon to EXE
37724 INFO: Copying 0 resources to EXE
37724 INFO: Embedding manifest in EXE
37765 INFO: Appending PKG archive to EXE
37926 INFO: Fixing EXE headers
38801 INFO: Building EXE from EXE-00.toc completed successfully.
38919 INFO: Build complete! The results are available in: C:\Users\tefa1\AutoPTU\dist
