493 INFO: PyInstaller: 6.19.0, contrib hooks: 2026.1
493 INFO: Python: 3.14.3
506 INFO: Platform: Windows-11-10.0.26200-SP0
506 INFO: Python environment: C:\Python314
508 INFO: Removing temporary files and cleaning cache in C:\Users\tefa1\AppData\Local\pyinstaller
548 INFO: Module search paths (PYTHONPATH):
['C:\\Users\\tefa1\\AutoPTU',
 'C:\\Python314\\python314.zip',
 'C:\\Python314\\DLLs',
 'C:\\Python314\\Lib',
 'C:\\Python314',
 'C:\\Users\\tefa1\\AppData\\Roaming\\Python\\Python314\\site-packages',
 '__editable__.auto_ptu-0.1.0.finder.__path_hook__',
 'C:\\Python314\\Lib\\site-packages',
 'C:\\Users\\tefa1\\AutoPTU']
1211 INFO: Appending 'datas' from .spec
3309 INFO: checking Analysis
3309 INFO: Building Analysis because Analysis-00.toc is non existent
3309 INFO: Looking for Python shared library...
3309 INFO: Using Python shared library: C:\Python314\python314.dll
3337 INFO: Running Analysis Analysis-00.toc
3337 INFO: Target bytecode optimization level: 0
3337 INFO: Initializing module dependency graph...
3353 INFO: Initializing module graph hook caches...
3557 INFO: Analyzing modules for base_library.zip ...
5520 INFO: Processing standard module hook 'hook-heapq.py' from 'C:\\Users\\tefa1\\AppData\\Roaming\\Python\\Python314\\site-packages\\PyInstaller\\hooks'
6274 INFO: Processing standard module hook 'hook-encodings.py' from 'C:\\Users\\tefa1\\AppData\\Roaming\\Python\\Python314\\site-packages\\PyInstaller\\hooks'
10463 INFO: Processing standard module hook 'hook-difflib.py' from 'C:\\Users\\tefa1\\AppData\\Roaming\\Python\\Python314\\site-packages\\PyInstaller\\hooks'
10727 INFO: Processing standard module hook 'hook-pickle.py' from 'C:\\Users\\tefa1\\AppData\\Roaming\\Python\\Python314\\site-packages\\PyInstaller\\hooks'
16289 INFO: Caching module dependency graph...
16320 INFO: Analyzing C:\Users\tefa1\AutoPTU\auto_ptu_launcher.py
16454 INFO: Processing standard module hook 'hook-multiprocessing.util.py' from 'C:\\Users\\tefa1\\AppData\\Roaming\\Python\\Python314\\site-packages\\PyInstaller\\hooks'
16645 INFO: Processing standard module hook 'hook-xml.py' from 'C:\\Users\\tefa1\\AppData\\Roaming\\Python\\Python314\\site-packages\\PyInstaller\\hooks'
17359 INFO: Processing standard module hook 'hook-sysconfig.py' from 'C:\\Users\\tefa1\\AppData\\Roaming\\Python\\Python314\\site-packages\\PyInstaller\\hooks'
17376 INFO: Processing standard module hook 'hook-_ctypes.py' from 'C:\\Users\\tefa1\\AppData\\Roaming\\Python\\Python314\\site-packages\\PyInstaller\\hooks'
18129 INFO: Processing pre-safe-import-module hook 'hook-typing_extensions.py' from 'C:\\Users\\tefa1\\AppData\\Roaming\\Python\\Python314\\site-packages\\PyInstaller\\hooks\\pre_safe_import_module'
18133 INFO: SetuptoolsInfo: initializing cached setuptools info...
22909 INFO: Processing standard module hook 'hook-xml.dom.domreg.py' from 'C:\\Users\\tefa1\\AppData\\Roaming\\Python\\Python314\\site-packages\\PyInstaller\\hooks'
23995 INFO: Processing standard module hook 'hook-platform.py' from 'C:\\Users\\tefa1\\AppData\\Roaming\\Python\\Python314\\site-packages\\PyInstaller\\hooks'
26962 INFO: Processing standard module hook 'hook-pandas.py' from 'C:\\Users\\tefa1\\AppData\\Roaming\\Python\\Python314\\site-packages\\PyInstaller\\hooks'
28806 INFO: Processing standard module hook 'hook-numpy.py' from 'C:\\Users\\tefa1\\AppData\\Roaming\\Python\\Python314\\site-packages\\PyInstaller\\hooks'
35691 INFO: Processing standard module hook 'hook-zoneinfo.py' from 'C:\\Users\\tefa1\\AppData\\Roaming\\Python\\Python314\\site-packages\\_pyinstaller_hooks_contrib\\stdhooks'
39172 INFO: Processing standard module hook 'hook-pandas.io.formats.style.py' from 'C:\\Users\\tefa1\\AppData\\Roaming\\Python\\Python314\\site-packages\\PyInstaller\\hooks'
44908 INFO: Processing standard module hook 'hook-pandas.plotting.py' from 'C:\\Users\\tefa1\\AppData\\Roaming\\Python\\Python314\\site-packages\\PyInstaller\\hooks'
46373 INFO: Processing standard module hook 'hook-dateutil.py' from 'C:\\Users\\tefa1\\AppData\\Roaming\\Python\\Python314\\site-packages\\_pyinstaller_hooks_contrib\\stdhooks'
46703 INFO: Processing pre-safe-import-module hook 'hook-six.moves.py' from 'C:\\Users\\tefa1\\AppData\\Roaming\\Python\\Python314\\site-packages\\PyInstaller\\hooks\\pre_safe_import_module'
50603 INFO: Processing standard module hook 'hook-sqlite3.py' from 'C:\\Users\\tefa1\\AppData\\Roaming\\Python\\Python314\\site-packages\\PyInstaller\\hooks'
51233 INFO: Processing standard module hook 'hook-pandas.io.clipboard.py' from 'C:\\Users\\tefa1\\AppData\\Roaming\\Python\\Python314\\site-packages\\PyInstaller\\hooks'
51861 INFO: Processing standard module hook 'hook-xml.etree.cElementTree.py' from 'C:\\Users\\tefa1\\AppData\\Roaming\\Python\\Python314\\site-packages\\PyInstaller\\hooks'
52701 INFO: Processing standard module hook 'hook-pytest.py' from 'C:\\Users\\tefa1\\AppData\\Roaming\\Python\\Python314\\site-packages\\_pyinstaller_hooks_contrib\\stdhooks'
53479 INFO: Processing standard module hook 'hook-pygments.py' from 'C:\\Users\\tefa1\\AppData\\Roaming\\Python\\Python314\\site-packages\\PyInstaller\\hooks'
55921 INFO: Processing standard module hook 'hook-py.py' from 'C:\\Users\\tefa1\\AppData\\Roaming\\Python\\Python314\\site-packages\\_pyinstaller_hooks_contrib\\stdhooks'
56407 INFO: Processing pre-safe-import-module hook 'hook-packaging.py' from 'C:\\Users\\tefa1\\AppData\\Roaming\\Python\\Python314\\site-packages\\PyInstaller\\hooks\\pre_safe_import_module'
57134 INFO: Processing pre-safe-import-module hook 'hook-tomli.py' from 'C:\\Users\\tefa1\\AppData\\Roaming\\Python\\Python314\\site-packages\\PyInstaller\\hooks\\pre_safe_import_module'
57135 INFO: Setuptools: 'tomli' appears to be a setuptools-vendored copy - creating alias to 'setuptools._vendor.tomli'!
57164 INFO: Processing standard module hook 'hook-setuptools.py' from 'C:\\Users\\tefa1\\AppData\\Roaming\\Python\\Python314\\site-packages\\PyInstaller\\hooks'
57280 INFO: Processing pre-safe-import-module hook 'hook-distutils.py' from 'C:\\Users\\tefa1\\AppData\\Roaming\\Python\\Python314\\site-packages\\PyInstaller\\hooks\\pre_safe_import_module'
57517 INFO: Processing pre-safe-import-module hook 'hook-jaraco.py' from 'C:\\Users\\tefa1\\AppData\\Roaming\\Python\\Python314\\site-packages\\PyInstaller\\hooks\\pre_safe_import_module'
57519 INFO: Setuptools: 'jaraco' appears to be a full setuptools-vendored copy - creating alias to 'setuptools._vendor.jaraco'!
57563 INFO: Processing pre-safe-import-module hook 'hook-more_itertools.py' from 'C:\\Users\\tefa1\\AppData\\Roaming\\Python\\Python314\\site-packages\\PyInstaller\\hooks\\pre_safe_import_module'
57564 INFO: Setuptools: 'more_itertools' appears to be a setuptools-vendored copy - creating alias to 'setuptools._vendor.more_itertools'!
59006 INFO: Processing standard module hook 'hook-setuptools._vendor.jaraco.text.py' from 'C:\\Users\\tefa1\\AppData\\Roaming\\Python\\Python314\\site-packages\\PyInstaller\\hooks'
59008 INFO: Processing pre-safe-import-module hook 'hook-importlib_resources.py' from 'C:\\Users\\tefa1\\AppData\\Roaming\\Python\\Python314\\site-packages\\PyInstaller\\hooks\\pre_safe_import_module'
59040 INFO: Processing pre-safe-import-module hook 'hook-backports.py' from 'C:\\Users\\tefa1\\AppData\\Roaming\\Python\\Python314\\site-packages\\PyInstaller\\hooks\\pre_safe_import_module'
59041 INFO: Setuptools: 'backports' appears to be a full setuptools-vendored copy - creating alias to 'setuptools._vendor.backports'!
59662 INFO: Processing pre-safe-import-module hook 'hook-importlib_metadata.py' from 'C:\\Users\\tefa1\\AppData\\Roaming\\Python\\Python314\\site-packages\\PyInstaller\\hooks\\pre_safe_import_module'
59663 INFO: Setuptools: 'importlib_metadata' appears to be a setuptools-vendored copy - creating alias to 'setuptools._vendor.importlib_metadata'!
59740 INFO: Processing standard module hook 'hook-setuptools._vendor.importlib_metadata.py' from 'C:\\Users\\tefa1\\AppData\\Roaming\\Python\\Python314\\site-packages\\PyInstaller\\hooks'
59926 INFO: Processing pre-safe-import-module hook 'hook-zipp.py' from 'C:\\Users\\tefa1\\AppData\\Roaming\\Python\\Python314\\site-packages\\PyInstaller\\hooks\\pre_safe_import_module'
59928 INFO: Setuptools: 'zipp' appears to be a setuptools-vendored copy - creating alias to 'setuptools._vendor.zipp'!
62320 INFO: Processing pre-safe-import-module hook 'hook-wheel.py' from 'C:\\Users\\tefa1\\AppData\\Roaming\\Python\\Python314\\site-packages\\PyInstaller\\hooks\\pre_safe_import_module'
62321 INFO: Setuptools: 'wheel' appears to be a setuptools-vendored copy - creating alias to 'setuptools._vendor.wheel'!
75721 INFO: Analyzing hidden import 'rich._unicode_data.unicode4-1-0'
75741 INFO: Analyzing hidden import 'rich._unicode_data.unicode5-0-0'
75769 INFO: Analyzing hidden import 'rich._unicode_data.unicode5-1-0'
75791 INFO: Analyzing hidden import 'rich._unicode_data.unicode5-2-0'
75810 INFO: Analyzing hidden import 'rich._unicode_data.unicode6-0-0'
75833 INFO: Analyzing hidden import 'rich._unicode_data.unicode6-1-0'
75854 INFO: Analyzing hidden import 'rich._unicode_data.unicode6-2-0'
75876 INFO: Analyzing hidden import 'rich._unicode_data.unicode6-3-0'
75896 INFO: Analyzing hidden import 'rich._unicode_data.unicode7-0-0'
75918 INFO: Analyzing hidden import 'rich._unicode_data.unicode8-0-0'
75939 INFO: Analyzing hidden import 'rich._unicode_data.unicode9-0-0'
75966 INFO: Analyzing hidden import 'rich._unicode_data.unicode10-0-0'
75989 INFO: Analyzing hidden import 'rich._unicode_data.unicode11-0-0'
76026 INFO: Analyzing hidden import 'rich._unicode_data.unicode12-0-0'
76048 INFO: Analyzing hidden import 'rich._unicode_data.unicode12-1-0'
76073 INFO: Analyzing hidden import 'rich._unicode_data.unicode13-0-0'
76096 INFO: Analyzing hidden import 'rich._unicode_data.unicode14-0-0'
76121 INFO: Analyzing hidden import 'rich._unicode_data.unicode15-0-0'
76144 INFO: Analyzing hidden import 'rich._unicode_data.unicode15-1-0'
76196 INFO: Analyzing hidden import 'rich._unicode_data.unicode16-0-0'
76224 INFO: Analyzing hidden import 'rich._unicode_data.unicode17-0-0'
76259 INFO: Processing module hooks (post-graph stage)...
76555 INFO: Processing standard module hook 'hook-jinja2.py' from 'C:\\Users\\tefa1\\AppData\\Roaming\\Python\\Python314\\site-packages\\_pyinstaller_hooks_contrib\\stdhooks'
86389 INFO: Processing standard module hook 'hook-tzdata.py' from 'C:\\Users\\tefa1\\AppData\\Roaming\\Python\\Python314\\site-packages\\_pyinstaller_hooks_contrib\\stdhooks'
87266 INFO: Performing binary vs. data reclassification (25953 entries)
